# JRE version: Java(TM) SE Runtime Environment (8.0_05-b13) (build 1.8.0_05-b13)
# Java VM: Java HotSpot(TM) 64-Bit Server VM (25.5-b02 mixed mode windows-amd64 compressed oops)
Heap:
 PSYoungGen      total 68608K, used 5591K [0x00000000d5d00000, 0x00000000daf00000, 0x0000000100000000)
  eden space 56832K, 0% used [0x00000000d5d00000,0x00000000d5d00000,0x00000000d9480000)
  from space 11776K, 47% used [0x00000000d9480000,0x00000000d99f5eb8,0x00000000da000000)
  to   space 11776K, 0% used [0x00000000da380000,0x00000000da380000,0x00000000daf00000)
 ParOldGen       total 20480K, used 19858K [0x0000000081600000, 0x0000000082a00000, 0x00000000d5d00000)
  object space 20480K, 96% used [0x0000000081600000,0x0000000082964bc8,0x0000000082a00000)
 Metaspace       used 49772K, capacity 52854K, committed 52992K, reserved 1095680K
  class space    used 7138K, capacity 7672K, committed 7680K, reserved 1048576K
GC Heap History (10 events):
Event: 7.704 GC heap after
Heap after GC invocations=26 (full 2):
 PSYoungGen      total 61440K, used 5424K [0x00000000d5d00000, 0x00000000da180000, 0x0000000100000000)
  eden space 55808K, 0% used [0x00000000d5d00000,0x00000000d5d00000,0x00000000d9380000)
  from space 5632K, 96% used [0x00000000d9a00000,0x00000000d9f4c0d0,0x00000000d9f80000)
  to   space 6656K, 0% used [0x00000000d9380000,0x00000000d9380000,0x00000000d9a00000)
 ParOldGen       total 11776K, used 8393K [0x0000000081600000, 0x0000000082180000, 0x00000000d5d00000)
  object space 11776K, 71% used [0x0000000081600000,0x0000000081e325c0,0x0000000082180000)
 Metaspace       used 31663K, capacity 34060K, committed 34304K, reserved 1079296K
  class space    used 4409K, capacity 4832K, committed 4864K, reserved 1048576K
}
Event: 8.920 GC heap before
{Heap before GC invocations=27 (full 2):
 PSYoungGen      total 61440K, used 61232K [0x00000000d5d00000, 0x00000000da180000, 0x0000000100000000)
  eden space 55808K, 100% used [0x00000000d5d00000,0x00000000d9380000,0x00000000d9380000)
  from space 5632K, 96% used [0x00000000d9a00000,0x00000000d9f4c0d0,0x00000000d9f80000)
  to   space 6656K, 0% used [0x00000000d9380000,0x00000000d9380000,0x00000000d9a00000)
 ParOldGen       total 11776K, used 8393K [0x0000000081600000, 0x0000000082180000, 0x00000000d5d00000)
  object space 11776K, 71% used [0x0000000081600000,0x0000000081e325c0,0x0000000082180000)
 Metaspace       used 39254K, capacity 41856K, committed 42112K, reserved 1085440K
  class space    used 5526K, capacity 5975K, committed 6016K, reserved 1048576K
Event: 8.932 GC heap after
Heap after GC invocations=27 (full 2):
 PSYoungGen      total 62464K, used 6627K [0x00000000d5d00000, 0x00000000da900000, 0x0000000100000000)
  eden space 55808K, 0% used [0x00000000d5d00000,0x00000000d5d00000,0x00000000d9380000)
  from space 6656K, 99% used [0x00000000d9380000,0x00000000d99f8e78,0x00000000d9a00000)
  to   space 9216K, 0% used [0x00000000da000000,0x00000000da000000,0x00000000da900000)
 ParOldGen       total 12800K, used 12506K [0x0000000081600000, 0x0000000082280000, 0x00000000d5d00000)
  object space 12800K, 97% used [0x0000000081600000,0x0000000082236958,0x0000000082280000)
 Metaspace       used 39254K, capacity 41856K, committed 42112K, reserved 1085440K
  class space    used 5526K, capacity 5975K, committed 6016K, reserved 1048576K
}
Event: 8.932 GC heap before
{Heap before GC invocations=28 (full 3):
 PSYoungGen      total 62464K, used 6627K [0x00000000d5d00000, 0x00000000da900000, 0x0000000100000000)
  eden space 55808K, 0% used [0x00000000d5d00000,0x00000000d5d00000,0x00000000d9380000)
  from space 6656K, 99% used [0x00000000d9380000,0x00000000d99f8e78,0x00000000d9a00000)
  to   space 9216K, 0% used [0x00000000da000000,0x00000000da000000,0x00000000da900000)
 ParOldGen       total 12800K, used 12506K [0x0000000081600000, 0x0000000082280000, 0x00000000d5d00000)
  object space 12800K, 97% used [0x0000000081600000,0x0000000082236958,0x0000000082280000)
 Metaspace       used 39254K, capacity 41856K, committed 42112K, reserved 1085440K
  class space    used 5526K, capacity 5975K, committed 6016K, reserved 1048576K
Event: 9.105 GC heap after
Heap after GC invocations=28 (full 3):
 PSYoungGen      total 62464K, used 4931K [0x00000000d5d00000, 0x00000000da900000, 0x0000000100000000)
  eden space 55808K, 0% used [0x00000000d5d00000,0x00000000d5d00000,0x00000000d9380000)
  from space 6656K, 74% used [0x00000000d9380000,0x00000000d9850d48,0x00000000d9a00000)
  to   space 9216K, 0% used [0x00000000da000000,0x00000000da000000,0x00000000da900000)
 ParOldGen       total 18944K, used 12345K [0x0000000081600000, 0x0000000082880000, 0x00000000d5d00000)
  object space 18944K, 65% used [0x0000000081600000,0x000000008220e548,0x0000000082880000)
 Metaspace       used 39253K, capacity 41854K, committed 42112K, reserved 1085440K
  class space    used 5525K, capacity 5974K, committed 6016K, reserved 1048576K
}
Event: 10.326 GC heap before
{Heap before GC invocations=29 (full 3):
 PSYoungGen      total 62464K, used 60739K [0x00000000d5d00000, 0x00000000da900000, 0x0000000100000000)
  eden space 55808K, 100% used [0x00000000d5d00000,0x00000000d9380000,0x00000000d9380000)
  from space 6656K, 74% used [0x00000000d9380000,0x00000000d9850d48,0x00000000d9a00000)
  to   space 9216K, 0% used [0x00000000da000000,0x00000000da000000,0x00000000da900000)
 ParOldGen       total 18944K, used 12345K [0x0000000081600000, 0x0000000082880000, 0x00000000d5d00000)
  object space 18944K, 65% used [0x0000000081600000,0x000000008220e548,0x0000000082880000)
 Metaspace       used 44592K, capacity 47398K, committed 47616K, reserved 1089536K
  class space    used 6307K, capacity 6828K, committed 6912K, reserved 1048576K
Event: 10.340 GC heap after
Heap after GC invocations=29 (full 3):
 PSYoungGen      total 66048K, used 9201K [0x00000000d5d00000, 0x00000000dae00000, 0x0000000100000000)
  eden space 56832K, 0% used [0x00000000d5d00000,0x00000000d5d00000,0x00000000d9480000)
  from space 9216K, 99% used [0x00000000da000000,0x00000000da8fc438,0x00000000da900000)
  to   space 11776K, 0% used [0x00000000d9480000,0x00000000d9480000,0x00000000da000000)
 ParOldGen       total 18944K, used 15116K [0x0000000081600000, 0x0000000082880000, 0x00000000d5d00000)
  object space 18944K, 79% used [0x0000000081600000,0x00000000824c3118,0x0000000082880000)
 Metaspace       used 44592K, capacity 47398K, committed 47616K, reserved 1089536K
  class space    used 6307K, capacity 6828K, committed 6912K, reserved 1048576K
}
Event: 11.151 GC heap before
{Heap before GC invocations=30 (full 3):
 PSYoungGen      total 66048K, used 66033K [0x00000000d5d00000, 0x00000000dae00000, 0x0000000100000000)
  eden space 56832K, 100% used [0x00000000d5d00000,0x00000000d9480000,0x00000000d9480000)
  from space 9216K, 99% used [0x00000000da000000,0x00000000da8fc438,0x00000000da900000)
  to   space 11776K, 0% used [0x00000000d9480000,0x00000000d9480000,0x00000000da000000)
 ParOldGen       total 18944K, used 15116K [0x0000000081600000, 0x0000000082880000, 0x00000000d5d00000)
  object space 18944K, 79% used [0x0000000081600000,0x00000000824c3118,0x0000000082880000)
 Metaspace       used 49772K, capacity 52854K, committed 52992K, reserved 1095680K
  class space    used 7138K, capacity 7672K, committed 7680K, reserved 1048576K
Event: 11.164 GC heap after
Heap after GC invocations=30 (full 3):
 PSYoungGen      total 68608K, used 5591K [0x00000000d5d00000, 0x00000000daf00000, 0x0000000100000000)
  eden space 56832K, 0% used [0x00000000d5d00000,0x00000000d5d00000,0x00000000d9480000)
  from space 11776K, 47% used [0x00000000d9480000,0x00000000d99f5eb8,0x00000000da000000)
  to   space 11776K, 0% used [0x00000000da380000,0x00000000da380000,0x00000000daf00000)
 ParOldGen       total 20480K, used 19858K [0x0000000081600000, 0x0000000082a00000, 0x00000000d5d00000)
  object space 20480K, 96% used [0x0000000081600000,0x0000000082964bc8,0x0000000082a00000)
 Metaspace       used 49772K, capacity 52854K, committed 52992K, reserved 1095680K
  class space    used 7138K, capacity 7672K, committed 7680K, reserved 1048576K
}
Event: 11.164 GC heap before
{Heap before GC invocations=31 (full 4):
 PSYoungGen      total 68608K, used 5591K [0x00000000d5d00000, 0x00000000daf00000, 0x0000000100000000)
  eden space 56832K, 0% used [0x00000000d5d00000,0x00000000d5d00000,0x00000000d9480000)
  from space 11776K, 47% used [0x00000000d9480000,0x00000000d99f5eb8,0x00000000da000000)
  to   space 11776K, 0% used [0x00000000da380000,0x00000000da380000,0x00000000daf00000)
 ParOldGen       total 20480K, used 19858K [0x0000000081600000, 0x0000000082a00000, 0x00000000d5d00000)
  object space 20480K, 96% used [0x0000000081600000,0x0000000082964bc8,0x0000000082a00000)
 Metaspace       used 49772K, capacity 52854K, committed 52992K, reserved 1095680K
  class space    used 7138K, capacity 7672K, committed 7680K, reserved 1048576K

